<?xml version="1.0" encoding="UTF-8"?>
<testng-results ignored="0" total="9" passed="9" failed="0" skipped="0">
  <reporter-output>
  </reporter-output>
  <suite started-at="2021-04-29T09:15:50 BST" name="TestNG Planit Selenium Automation Tests" finished-at="2021-04-29T09:17:59 BST" duration-ms="129047">
    <groups>
    </groups>
    <test started-at="2021-04-29T09:15:50 BST" name="Jupiter Cloud tests" finished-at="2021-04-29T09:17:59 BST" duration-ms="129047">
      <class name="com.qa.jupiter.tests.ContactsLinkTest">
        <test-method is-config="true" signature="setUp()[pri:0, instance:com.qa.jupiter.tests.ContactsLinkTest@4e268090]" started-at="2021-04-29T09:16:43 BST" name="setUp" finished-at="2021-04-29T09:16:46 BST" duration-ms="2318" status="PASS">
          <reporter-output>
          </reporter-output>
        </test-method> <!-- setUp -->
        <test-method signature="clickOnContactsLinkTest()[pri:0, instance:com.qa.jupiter.tests.ContactsLinkTest@4e268090]" started-at="2021-04-29T09:16:46 BST" name="clickOnContactsLinkTest" finished-at="2021-04-29T09:16:48 BST" duration-ms="2262" status="PASS">
          <reporter-output>
          </reporter-output>
        </test-method> <!-- clickOnContactsLinkTest -->
        <test-method is-config="true" signature="teardownTest()[pri:0, instance:com.qa.jupiter.tests.ContactsLinkTest@4e268090]" started-at="2021-04-29T09:16:48 BST" name="teardownTest" finished-at="2021-04-29T09:16:49 BST" duration-ms="1686" status="PASS">
          <reporter-output>
          </reporter-output>
        </test-method> <!-- teardownTest -->
      </class> <!-- com.qa.jupiter.tests.ContactsLinkTest -->
      <class name="com.qa.jupiter.tests.SubmitFormTest">
        <test-method is-config="true" signature="setUp()[pri:0, instance:com.qa.jupiter.tests.SubmitFormTest@37858383]" started-at="2021-04-29T09:15:50 BST" name="setUp" finished-at="2021-04-29T09:15:54 BST" duration-ms="4041" status="PASS">
          <reporter-output>
          </reporter-output>
        </test-method> <!-- setUp -->
        <test-method signature="clickOnSubmitFormTest(java.lang.String, java.lang.String, java.lang.String)[pri:1, instance:com.qa.jupiter.tests.SubmitFormTest@37858383]" started-at="2021-04-29T09:15:54 BST" name="clickOnSubmitFormTest" finished-at="2021-04-29T09:16:00 BST" duration-ms="5603" status="PASS">
          <params>
            <param index="0">
              <value>
                <![CDATA[muktasharma]]>
              </value>
            </param>
            <param index="1">
              <value>
                <![CDATA[planit@gmail.com]]>
              </value>
            </param>
            <param index="2">
              <value>
                <![CDATA[this is only for testing technical assignment]]>
              </value>
            </param>
          </params>
          <reporter-output>
          </reporter-output>
        </test-method> <!-- clickOnSubmitFormTest -->
        <test-method is-config="true" signature="teardownTest()[pri:0, instance:com.qa.jupiter.tests.SubmitFormTest@37858383]" started-at="2021-04-29T09:16:00 BST" name="teardownTest" finished-at="2021-04-29T09:16:00 BST" duration-ms="747" status="PASS">
          <reporter-output>
          </reporter-output>
        </test-method> <!-- teardownTest -->
        <test-method is-config="true" signature="setUp()[pri:0, instance:com.qa.jupiter.tests.SubmitFormTest@37858383]" started-at="2021-04-29T09:16:00 BST" name="setUp" finished-at="2021-04-29T09:16:04 BST" duration-ms="3253" status="PASS">
          <reporter-output>
          </reporter-output>
        </test-method> <!-- setUp -->
        <test-method signature="clickOnSubmitFormTest(java.lang.String, java.lang.String, java.lang.String)[pri:1, instance:com.qa.jupiter.tests.SubmitFormTest@37858383]" started-at="2021-04-29T09:16:04 BST" name="clickOnSubmitFormTest" finished-at="2021-04-29T09:16:09 BST" duration-ms="5549" status="PASS">
          <params>
            <param index="0">
              <value>
                <![CDATA[muktasharma]]>
              </value>
            </param>
            <param index="1">
              <value>
                <![CDATA[planit@gmail.com]]>
              </value>
            </param>
            <param index="2">
              <value>
                <![CDATA[this is only for testing technical assignment]]>
              </value>
            </param>
          </params>
          <reporter-output>
          </reporter-output>
        </test-method> <!-- clickOnSubmitFormTest -->
        <test-method is-config="true" signature="teardownTest()[pri:0, instance:com.qa.jupiter.tests.SubmitFormTest@37858383]" started-at="2021-04-29T09:16:09 BST" name="teardownTest" finished-at="2021-04-29T09:16:10 BST" duration-ms="761" status="PASS">
          <reporter-output>
          </reporter-output>
        </test-method> <!-- teardownTest -->
        <test-method is-config="true" signature="setUp()[pri:0, instance:com.qa.jupiter.tests.SubmitFormTest@37858383]" started-at="2021-04-29T09:16:10 BST" name="setUp" finished-at="2021-04-29T09:16:14 BST" duration-ms="3834" status="PASS">
          <reporter-output>
          </reporter-output>
        </test-method> <!-- setUp -->
        <test-method signature="clickOnSubmitFormTest(java.lang.String, java.lang.String, java.lang.String)[pri:1, instance:com.qa.jupiter.tests.SubmitFormTest@37858383]" started-at="2021-04-29T09:16:14 BST" name="clickOnSubmitFormTest" finished-at="2021-04-29T09:16:19 BST" duration-ms="5596" status="PASS">
          <params>
            <param index="0">
              <value>
                <![CDATA[muktasharma]]>
              </value>
            </param>
            <param index="1">
              <value>
                <![CDATA[planit@gmail.com]]>
              </value>
            </param>
            <param index="2">
              <value>
                <![CDATA[this is only for testing technical assignment]]>
              </value>
            </param>
          </params>
          <reporter-output>
          </reporter-output>
        </test-method> <!-- clickOnSubmitFormTest -->
        <test-method is-config="true" signature="teardownTest()[pri:0, instance:com.qa.jupiter.tests.SubmitFormTest@37858383]" started-at="2021-04-29T09:16:19 BST" name="teardownTest" finished-at="2021-04-29T09:16:20 BST" duration-ms="751" status="PASS">
          <reporter-output>
          </reporter-output>
        </test-method> <!-- teardownTest -->
        <test-method is-config="true" signature="setUp()[pri:0, instance:com.qa.jupiter.tests.SubmitFormTest@37858383]" started-at="2021-04-29T09:16:20 BST" name="setUp" finished-at="2021-04-29T09:16:23 BST" duration-ms="3171" status="PASS">
          <reporter-output>
          </reporter-output>
        </test-method> <!-- setUp -->
        <test-method signature="clickOnSubmitFormTest(java.lang.String, java.lang.String, java.lang.String)[pri:1, instance:com.qa.jupiter.tests.SubmitFormTest@37858383]" started-at="2021-04-29T09:16:23 BST" name="clickOnSubmitFormTest" finished-at="2021-04-29T09:16:29 BST" duration-ms="5549" status="PASS">
          <params>
            <param index="0">
              <value>
                <![CDATA[muktasharma]]>
              </value>
            </param>
            <param index="1">
              <value>
                <![CDATA[planit@gmail.com]]>
              </value>
            </param>
            <param index="2">
              <value>
                <![CDATA[this is only for testing technical assignment]]>
              </value>
            </param>
          </params>
          <reporter-output>
          </reporter-output>
        </test-method> <!-- clickOnSubmitFormTest -->
        <test-method is-config="true" signature="teardownTest()[pri:0, instance:com.qa.jupiter.tests.SubmitFormTest@37858383]" started-at="2021-04-29T09:16:29 BST" name="teardownTest" finished-at="2021-04-29T09:16:30 BST" duration-ms="764" status="PASS">
          <reporter-output>
          </reporter-output>
        </test-method> <!-- teardownTest -->
        <test-method is-config="true" signature="setUp()[pri:0, instance:com.qa.jupiter.tests.SubmitFormTest@37858383]" started-at="2021-04-29T09:16:30 BST" name="setUp" finished-at="2021-04-29T09:16:33 BST" duration-ms="3526" status="PASS">
          <reporter-output>
          </reporter-output>
        </test-method> <!-- setUp -->
        <test-method signature="clickOnSubmitFormTest(java.lang.String, java.lang.String, java.lang.String)[pri:1, instance:com.qa.jupiter.tests.SubmitFormTest@37858383]" started-at="2021-04-29T09:16:33 BST" name="clickOnSubmitFormTest" finished-at="2021-04-29T09:16:39 BST" duration-ms="5583" status="PASS">
          <params>
            <param index="0">
              <value>
                <![CDATA[muktasharma]]>
              </value>
            </param>
            <param index="1">
              <value>
                <![CDATA[planit@gmail.com]]>
              </value>
            </param>
            <param index="2">
              <value>
                <![CDATA[this is only for testing technical assignment]]>
              </value>
            </param>
          </params>
          <reporter-output>
          </reporter-output>
        </test-method> <!-- clickOnSubmitFormTest -->
        <test-method is-config="true" signature="teardownTest()[pri:0, instance:com.qa.jupiter.tests.SubmitFormTest@37858383]" started-at="2021-04-29T09:16:39 BST" name="teardownTest" finished-at="2021-04-29T09:16:40 BST" duration-ms="766" status="PASS">
          <reporter-output>
          </reporter-output>
        </test-method> <!-- teardownTest -->
        <test-method is-config="true" signature="setUp()[pri:0, instance:com.qa.jupiter.tests.SubmitFormTest@37858383]" started-at="2021-04-29T09:16:40 BST" name="setUp" finished-at="2021-04-29T09:16:43 BST" duration-ms="2946" status="PASS">
          <reporter-output>
          </reporter-output>
        </test-method> <!-- setUp -->
        <test-method signature="verifyAlertMessage(java.lang.String)[pri:2, instance:com.qa.jupiter.tests.SubmitFormTest@37858383]" started-at="2021-04-29T09:16:43 BST" name="verifyAlertMessage" finished-at="2021-04-29T09:16:43 BST" duration-ms="1" status="PASS">
          <params>
            <param index="0">
              <value>
                <![CDATA[muktasharma]]>
              </value>
            </param>
          </params>
          <reporter-output>
          </reporter-output>
        </test-method> <!-- verifyAlertMessage -->
        <test-method is-config="true" signature="teardownTest()[pri:0, instance:com.qa.jupiter.tests.SubmitFormTest@37858383]" started-at="2021-04-29T09:16:43 BST" name="teardownTest" finished-at="2021-04-29T09:16:43 BST" duration-ms="682" status="PASS">
          <reporter-output>
          </reporter-output>
        </test-method> <!-- teardownTest -->
      </class> <!-- com.qa.jupiter.tests.SubmitFormTest -->
      <class name="com.qa.jupiter.tests.TotalPriceTest">
        <test-method is-config="true" signature="setUp()[pri:0, instance:com.qa.jupiter.tests.TotalPriceTest@306cf3ea]" started-at="2021-04-29T09:17:20 BST" name="setUp" finished-at="2021-04-29T09:17:23 BST" duration-ms="2969" status="PASS">
          <reporter-output>
          </reporter-output>
        </test-method> <!-- setUp -->
        <test-method signature="clickOnShopLinkTest()[pri:1, instance:com.qa.jupiter.tests.TotalPriceTest@306cf3ea]" started-at="2021-04-29T09:17:23 BST" name="clickOnShopLinkTest" finished-at="2021-04-29T09:17:58 BST" duration-ms="35757" status="PASS">
          <reporter-output>
          </reporter-output>
        </test-method> <!-- clickOnShopLinkTest -->
        <test-method is-config="true" signature="teardownTest()[pri:0, instance:com.qa.jupiter.tests.TotalPriceTest@306cf3ea]" started-at="2021-04-29T09:17:58 BST" name="teardownTest" finished-at="2021-04-29T09:17:59 BST" duration-ms="751" status="PASS">
          <reporter-output>
          </reporter-output>
        </test-method> <!-- teardownTest -->
      </class> <!-- com.qa.jupiter.tests.TotalPriceTest -->
      <class name="com.qa.jupiter.tests.ShopLinkTest">
        <test-method is-config="true" signature="setUp()[pri:0, instance:com.qa.jupiter.tests.ShopLinkTest@1bb266b3]" started-at="2021-04-29T09:16:49 BST" name="setUp" finished-at="2021-04-29T09:16:52 BST" duration-ms="2870" status="PASS">
          <reporter-output>
          </reporter-output>
        </test-method> <!-- setUp -->
        <test-method signature="clickOnShopLinkTest()[pri:0, instance:com.qa.jupiter.tests.ShopLinkTest@1bb266b3]" started-at="2021-04-29T09:16:52 BST" name="clickOnShopLinkTest" finished-at="2021-04-29T09:17:19 BST" duration-ms="26505" status="PASS">
          <reporter-output>
          </reporter-output>
        </test-method> <!-- clickOnShopLinkTest -->
        <test-method is-config="true" signature="teardownTest()[pri:0, instance:com.qa.jupiter.tests.ShopLinkTest@1bb266b3]" started-at="2021-04-29T09:17:19 BST" name="teardownTest" finished-at="2021-04-29T09:17:20 BST" duration-ms="733" status="PASS">
          <reporter-output>
          </reporter-output>
        </test-method> <!-- teardownTest -->
      </class> <!-- com.qa.jupiter.tests.ShopLinkTest -->
    </test> <!-- Jupiter Cloud tests -->
  </suite> <!-- TestNG Planit Selenium Automation Tests -->
</testng-results>
