<?xml version="1.0" encoding="UTF-8"?>
<!-- Generated by org.testng.reporters.JUnitXMLReporter -->
<testsuite ignored="0" hostname="LAPTOP-M23QUF50" failures="0" tests="9" name="Jupiter Cloud tests" time="129.047" errors="0" timestamp="2021-04-29T09:17:59 BST">
  <testcase classname="com.qa.jupiter.tests.SubmitFormTest" name="clickOnSubmitFormTest" time="5.603"/>
  <testcase classname="com.qa.jupiter.tests.SubmitFormTest" name="clickOnSubmitFormTest" time="5.549"/>
  <testcase classname="com.qa.jupiter.tests.SubmitFormTest" name="clickOnSubmitFormTest" time="5.596"/>
  <testcase classname="com.qa.jupiter.tests.SubmitFormTest" name="clickOnSubmitFormTest" time="5.549"/>
  <testcase classname="com.qa.jupiter.tests.SubmitFormTest" name="clickOnSubmitFormTest" time="5.583"/>
  <testcase classname="com.qa.jupiter.tests.SubmitFormTest" name="verifyAlertMessage" time="0.001"/>
  <testcase classname="com.qa.jupiter.tests.ContactsLinkTest" name="clickOnContactsLinkTest" time="2.262"/>
  <testcase classname="com.qa.jupiter.tests.ShopLinkTest" name="clickOnShopLinkTest" time="26.505"/>
  <testcase classname="com.qa.jupiter.tests.TotalPriceTest" name="clickOnShopLinkTest" time="35.757"/>
</testsuite> <!-- Jupiter Cloud tests -->
