<?xml version="1.0" encoding="UTF-8"?>
<!-- Generated by org.testng.reporters.JUnitXMLReporter -->
<testsuite ignored="0" hostname="LAPTOP-M23QUF50" failures="0" tests="9" name="Jupiter Cloud tests" time="127.007" errors="0" timestamp="2021-04-28T17:31:42 BST">
  <testcase classname="com.qa.jupiter.tests.SubmitFormTest" name="clickOnSubmitFormTest" time="5.686"/>
  <testcase classname="com.qa.jupiter.tests.SubmitFormTest" name="clickOnSubmitFormTest" time="5.654"/>
  <testcase classname="com.qa.jupiter.tests.SubmitFormTest" name="clickOnSubmitFormTest" time="5.545"/>
  <testcase classname="com.qa.jupiter.tests.SubmitFormTest" name="clickOnSubmitFormTest" time="5.545"/>
  <testcase classname="com.qa.jupiter.tests.SubmitFormTest" name="clickOnSubmitFormTest" time="5.666"/>
  <testcase classname="com.qa.jupiter.tests.SubmitFormTest" name="verifyAlertMessage" time="0.002"/>
  <testcase classname="com.qa.jupiter.tests.ContactsLinkTest" name="clickOnContactsLinkTest" time="2.253"/>
  <testcase classname="com.qa.jupiter.tests.ShopLinkTest" name="clickOnShopLinkTest" time="26.616"/>
  <testcase classname="com.qa.jupiter.tests.TotalPriceTest" name="clickOnShopLinkTest" time="35.883"/>
</testsuite> <!-- Jupiter Cloud tests -->
